#
# There is insufficient memory for the Java Runtime Environment to continue.
# Native memory allocation (malloc) failed to allocate 1048576 bytes for AllocateHeap
# Possible reasons:
#   The system is out of physical RAM or swap space
#   The process is running with CompressedOops enabled, and the Java Heap may be blocking the growth of the native heap
# Possible solutions:
#   Reduce memory load on the system
#   Increase physical memory or swap space
#   Check if swap backing store is full
#   Decrease Java heap size (-Xmx/-Xms)
#   Decrease number of Java threads
#   Decrease Java thread stack sizes (-Xss)
#   Set larger code cache with -XX:ReservedCodeCacheSize=
#   JVM is running with Unscaled Compressed Oops mode in which the Java heap is
#     placed in the first 4GB address space. The Java Heap base address is the
#     maximum limit for the native heap growth. Please use -XX:HeapBaseMinAddress
#     to set the Java Heap base and to place the Java Heap above 4GB virtual address.
# This output file may be truncated or incomplete.
#
#  Out of Memory Error (memory/allocation.inline.hpp:61), pid=14212, tid=0x0000000000005638
#
# JRE version:  (8.0_202-b44) (build )
# Java VM: OpenJDK 64-Bit Server VM (25.202-b44 mixed mode windows-amd64 compressed oops)
# Failed to write core dump. Minidumps are not enabled by default on client versions of Windows
#

---------------  T H R E A D  ---------------

Current thread (0x00000000036be800):  JavaThread "Unknown thread" [_thread_in_vm, id=22072, stack(0x0000000003020000,0x0000000003120000)]

Stack: [0x0000000003020000,0x0000000003120000]
[error occurred during error reporting (printing stack bounds), id 0xc0000005]

Native frames: (J=compiled Java code, j=interpreted, Vv=VM code, C=native code)


---------------  P R O C E S S  ---------------

Java Threads: ( => current thread )

Other Threads:

=>0x00000000036be800 (exited) JavaThread "Unknown thread" [_thread_in_vm, id=22072, stack(0x0000000003020000,0x0000000003120000)]

VM state:not at safepoint (normal execution)

VM Mutex/Monitor currently owned by a thread: None

heap address: 0x0000000082600000, size: 2010 MB, Compressed Oops mode: 32-bit
Narrow klass base: 0x0000000000000000, Narrow klass shift: 3
Compressed class space size: 1073741824 Address: 0x0000000100000000

Heap:
 PSYoungGen      total 37888K, used 655K [0x00000000d6200000, 0x00000000d8c00000, 0x0000000100000000)
  eden space 32768K, 2% used [0x00000000d6200000,0x00000000d62a3d80,0x00000000d8200000)
  from space 5120K, 0% used [0x00000000d8700000,0x00000000d8700000,0x00000000d8c00000)
  to   space 5120K, 0% used [0x00000000d8200000,0x00000000d8200000,0x00000000d8700000)
 ParOldGen       total 86016K, used 0K [0x0000000082600000, 0x0000000087a00000, 0x00000000d6200000)
  object space 86016K, 0% used [0x0000000082600000,0x0000000082600000,0x0000000087a00000)
 Metaspace       used 777K, capacity 4480K, committed 4480K, reserved 1056768K
  class space    used 74K, capacity 384K, committed 384K, reserved 1048576K

Card table byte_map: [0x0000000012a80000,0x0000000012e70000] byte_map_base: 0x000000001266d000

Marking Bits: (ParMarkBitMap*) 0x0000000074cd9f30
 Begin Bits: [0x0000000013910000, 0x0000000015878000)
 End Bits:   [0x0000000015878000, 0x00000000177e0000)

Polling page: 0x0000000001210000

CodeCache: size=245760Kb used=328Kb max_used=328Kb free=245431Kb
 bounds [0x00000000036c0000, 0x0000000003930000, 0x00000000126c0000]
 total_blobs=57 nmethods=0 adapters=38
 compilation: enabled

Compilation events (0 events):
No events

GC Heap History (0 events):
No events

Deoptimization events (0 events):
No events

Classes redefined (0 events):
No events

Internal exceptions (0 events):
No events

Events (10 events):
Event: 0.025 loading class java/lang/Short
Event: 0.025 loading class java/lang/Short done
Event: 0.025 loading class java/lang/Integer
Event: 0.025 loading class java/lang/Integer done
Event: 0.025 loading class java/lang/Long
Event: 0.025 loading class java/lang/Long done
Event: 0.026 loading class java/lang/NullPointerException
Event: 0.026 loading class java/lang/NullPointerException done
Event: 0.026 loading class java/lang/ArithmeticException
Event: 0.026 loading class java/lang/ArithmeticException done


Dynamic libraries:
0x00007ff73b920000 - 0x00007ff73b951000 	D:\software\webstorm\WebStorm 2019.1.1\jre64\bin\java.exe
0x00007ffb461c0000 - 0x00007ffb463b0000 	C:\WINDOWS\SYSTEM32\ntdll.dll
0x00007ffb45500000 - 0x00007ffb455b2000 	C:\WINDOWS\System32\KERNEL32.DLL
0x00007ffb432a0000 - 0x00007ffb43543000 	C:\WINDOWS\System32\KERNELBASE.dll
0x00007ffb44270000 - 0x00007ffb44313000 	C:\WINDOWS\System32\ADVAPI32.dll
0x00007ffb45c00000 - 0x00007ffb45c9e000 	C:\WINDOWS\System32\msvcrt.dll
0x00007ffb45950000 - 0x00007ffb459e7000 	C:\WINDOWS\System32\sechost.dll
0x00007ffb45640000 - 0x00007ffb45760000 	C:\WINDOWS\System32\RPCRT4.dll
0x00007ffb44320000 - 0x00007ffb444b4000 	C:\WINDOWS\System32\USER32.dll
0x00007ffb44240000 - 0x00007ffb44261000 	C:\WINDOWS\System32\win32u.dll
0x00007ffb45850000 - 0x00007ffb45876000 	C:\WINDOWS\System32\GDI32.dll
0x00007ffb440a0000 - 0x00007ffb44234000 	C:\WINDOWS\System32\gdi32full.dll
0x00007ffb44000000 - 0x00007ffb4409e000 	C:\WINDOWS\System32\msvcp_win.dll
0x00007ffb43700000 - 0x00007ffb437fa000 	C:\WINDOWS\System32\ucrtbase.dll
0x00007ffb2f5b0000 - 0x00007ffb2f835000 	C:\WINDOWS\WinSxS\amd64_microsoft.windows.common-controls_6595b64144ccf1df_6.0.18362.418_none_e6c6b287130d565d\COMCTL32.dll
0x00007ffb45de0000 - 0x00007ffb46116000 	C:\WINDOWS\System32\combase.dll
0x00007ffb43800000 - 0x00007ffb43880000 	C:\WINDOWS\System32\bcryptPrimitives.dll
0x00007ffb446b0000 - 0x00007ffb446de000 	C:\WINDOWS\System32\IMM32.DLL
0x0000000074430000 - 0x0000000074502000 	D:\software\webstorm\WebStorm 2019.1.1\jre64\bin\msvcr100.dll
0x0000000074510000 - 0x0000000074d56000 	D:\software\webstorm\WebStorm 2019.1.1\jre64\bin\server\jvm.dll
0x00007ffb457e0000 - 0x00007ffb457e8000 	C:\WINDOWS\System32\PSAPI.DLL
0x00007ffb39ce0000 - 0x00007ffb39cea000 	C:\WINDOWS\SYSTEM32\VERSION.dll
0x00007ffb39cf0000 - 0x00007ffb39d14000 	C:\WINDOWS\SYSTEM32\WINMM.dll
0x00007ffb3a350000 - 0x00007ffb3a359000 	C:\WINDOWS\SYSTEM32\WSOCK32.dll
0x00007ffb45ca0000 - 0x00007ffb45d0f000 	C:\WINDOWS\System32\WS2_32.dll
0x00007ffb38d60000 - 0x00007ffb38d8d000 	C:\WINDOWS\SYSTEM32\WINMMBASE.dll
0x00007ffb436b0000 - 0x00007ffb436fa000 	C:\WINDOWS\System32\cfgmgr32.dll
0x00007ffb3a340000 - 0x00007ffb3a34f000 	D:\software\webstorm\WebStorm 2019.1.1\jre64\bin\verify.dll
0x00007ffb396e0000 - 0x00007ffb39709000 	D:\software\webstorm\WebStorm 2019.1.1\jre64\bin\java.dll
0x00007ffb3a170000 - 0x00007ffb3a186000 	D:\software\webstorm\WebStorm 2019.1.1\jre64\bin\zip.dll

VM Arguments:
java_command: org.jetbrains.git4idea.http.GitAskPassApp Password for 'http://gitlab.deepexi.top': 
java_class_path (initial): D:/software/webstorm/WebStorm 2019.1.1/plugins/git4idea/lib/git4idea-rt.jar;D:/software/webstorm/WebStorm 2019.1.1/lib/xmlrpc-2.0.1.jar;D:/software/webstorm/WebStorm 2019.1.1/lib/commons-codec-1.10.jar;D:/software/webstorm/WebStorm 2019.1.1/lib/util.jar
Launcher Type: SUN_STANDARD

Environment Variables:
PATH=D:/software/Git/mingw64/libexec/git-core;D:/software/Git/mingw64/libexec/git-core;D:\software\Git\mingw64\bin;D:\software\Git\usr\bin;C:\Users\10512\bin;C:\ProgramData\Oracle\Java\javapath;C:\WINDOWS\system32;C:\WINDOWS;C:\WINDOWS\System32\Wbem;C:\WINDOWS\System32\WindowsPowerShell\v1.0\;C:\WINDOWS\System32\OpenSSH\;D:\software\node\;D:\software\Git\cmd;D:\software\tortoise\bin;D:\tool\mongodb\bin;C:\Program Files (x86)\Java\jdk1.8.0_144\bin;C:\Users\10512\AppData\Local\Android\Sdk\platform-tools;C:\Users\10512\AppData\Local\Microsoft\WindowsApps;C:\Users\10512\AppData\Roaming\npm;D:\software\Microsoft VS Code\bin;
USERNAME=10512
DISPLAY=:0.0
OS=Windows_NT
PROCESSOR_IDENTIFIER=Intel64 Family 6 Model 142 Stepping 11, GenuineIntel



---------------  S Y S T E M  ---------------

OS: Windows 10.0 , 64 bit Build 18362 (10.0.18362.329)

CPU:total 8 (initial active 8) (4 cores per cpu, 2 threads per core) family 6 model 142 stepping 11, cmov, cx8, fxsr, mmx, sse, sse2, sse3, ssse3, sse4.1, sse4.2, popcnt, avx, avx2, aes, clmul, erms, 3dnowpref, lzcnt, ht, tsc, tscinvbit, bmi1, bmi2, adx

Memory: 4k page, physical 8230156k(527384k free), swap 22284680k(4488k free)

vm_info: OpenJDK 64-Bit Server VM (25.202-b44) for windows-amd64 JRE (1.8.0_202-release-1483-b44), built on Mar 29 2019 17:15:10 by "builduser" with MS VC++ 10.0 (VS2010)

time: Thu Oct 31 16:19:56 2019
timezone: 中国标准时间
elapsed time: 0 seconds (0d 0h 0m 0s)

